2021-05-26 20:53:23.496  INFO 18164 --- [restartedMain] c.i.a.AnimeImageRestApiApplication       : Starting AnimeImageRestApiApplication using Java 15.0.2 on timxzhao-PC0 with PID 18164 (D:\Java\AnimeImageRestApi\target\classes started by timxzhao in D:\Java\AnimeImageRestApi)
2021-05-26 20:53:23.499  INFO 18164 --- [restartedMain] c.i.a.AnimeImageRestApiApplication       : No active profile set, falling back to default profiles: default
2021-05-26 20:53:23.541  INFO 18164 --- [restartedMain] .e.DevToolsPropertyDefaultsPostProcessor : Devtools property defaults active! Set 'spring.devtools.add-properties' to 'false' to disable
2021-05-26 20:53:23.541  INFO 18164 --- [restartedMain] .e.DevToolsPropertyDefaultsPostProcessor : For additional web related logging consider setting the 'logging.level.web' property to 'DEBUG'
2021-05-26 20:53:24.305  INFO 18164 --- [restartedMain] o.s.b.w.embedded.tomcat.TomcatWebServer  : Tomcat initialized with port(s): 8080 (http)
2021-05-26 20:53:24.311  INFO 18164 --- [restartedMain] o.apache.catalina.core.StandardService   : Starting service [Tomcat]
2021-05-26 20:53:24.311  INFO 18164 --- [restartedMain] org.apache.catalina.core.StandardEngine  : Starting Servlet engine: [Apache Tomcat/9.0.46]
2021-05-26 20:53:24.361  INFO 18164 --- [restartedMain] o.a.c.c.C.[Tomcat].[localhost].[/]       : Initializing Spring embedded WebApplicationContext
2021-05-26 20:53:24.362  INFO 18164 --- [restartedMain] w.s.c.ServletWebServerApplicationContext : Root WebApplicationContext: initialization completed in 820 ms
2021-05-26 20:53:24.407  WARN 18164 --- [restartedMain] ConfigServletWebServerApplicationContext : Exception encountered during context initialization - cancelling refresh attempt: org.springframework.beans.factory.UnsatisfiedDependencyException: Error creating bean with name 'imageController': Unsatisfied dependency expressed through field 'imageService'; nested exception is org.springframework.beans.factory.UnsatisfiedDependencyException: Error creating bean with name 'imageService': Unsatisfied dependency expressed through field 'imageMapper'; nested exception is org.springframework.beans.factory.UnsatisfiedDependencyException: Error creating bean with name 'imageMapper' defined in file [D:\Java\AnimeImageRestApi\target\classes\com\ioalzx\animeimagerestapi\mapper\ImageMapper.class]: Unsatisfied dependency expressed through bean property 'sqlSessionFactory'; nested exception is org.springframework.beans.factory.UnsatisfiedDependencyException: Error creating bean with name 'sqlSessionFactory' defined in class path resource [org/mybatis/spring/boot/autoconfigure/MybatisAutoConfiguration.class]: Unsatisfied dependency expressed through method 'sqlSessionFactory' parameter 0; nested exception is org.springframework.beans.factory.BeanCreationException: Error creating bean with name 'dataSource' defined in class path resource [org/springframework/boot/autoconfigure/jdbc/DataSourceConfiguration$Hikari.class]: Bean instantiation via factory method failed; nested exception is org.springframework.beans.BeanInstantiationException: Failed to instantiate [com.zaxxer.hikari.HikariDataSource]: Factory method 'dataSource' threw exception; nested exception is org.springframework.boot.autoconfigure.jdbc.DataSourceProperties$DataSourceBeanCreationException: Failed to determine a suitable driver class
2021-05-26 20:53:24.409  INFO 18164 --- [restartedMain] o.apache.catalina.core.StandardService   : Stopping service [Tomcat]
2021-05-26 20:53:24.420  INFO 18164 --- [restartedMain] ConditionEvaluationReportLoggingListener : 

Error starting ApplicationContext. To display the conditions report re-run your application with 'debug' enabled.
2021-05-26 20:53:24.432 ERROR 18164 --- [restartedMain] o.s.b.d.LoggingFailureAnalysisReporter   : 

***************************
APPLICATION FAILED TO START
***************************

Description:

Failed to configure a DataSource: 'url' attribute is not specified and no embedded datasource could be configured.

Reason: Failed to determine a suitable driver class


Action:

Consider the following:
	If you want an embedded database (H2, HSQL or Derby), please put it on the classpath.
	If you have database settings to be loaded from a particular profile you may need to activate it (no profiles are currently active).

2021-05-26 20:55:42.141  INFO 3244 --- [restartedMain] c.i.a.AnimeImageRestApiApplication       : Starting AnimeImageRestApiApplication using Java 15.0.2 on timxzhao-PC0 with PID 3244 (D:\Java\AnimeImageRestApi\target\classes started by timxzhao in D:\Java\AnimeImageRestApi)
2021-05-26 20:55:42.145  INFO 3244 --- [restartedMain] c.i.a.AnimeImageRestApiApplication       : No active profile set, falling back to default profiles: default
2021-05-26 20:55:42.190  INFO 3244 --- [restartedMain] .e.DevToolsPropertyDefaultsPostProcessor : Devtools property defaults active! Set 'spring.devtools.add-properties' to 'false' to disable
2021-05-26 20:55:42.191  INFO 3244 --- [restartedMain] .e.DevToolsPropertyDefaultsPostProcessor : For additional web related logging consider setting the 'logging.level.web' property to 'DEBUG'
2021-05-26 20:55:42.856  INFO 3244 --- [restartedMain] o.s.b.w.embedded.tomcat.TomcatWebServer  : Tomcat initialized with port(s): 8081 (http)
2021-05-26 20:55:42.862  INFO 3244 --- [restartedMain] o.apache.catalina.core.StandardService   : Starting service [Tomcat]
2021-05-26 20:55:42.862  INFO 3244 --- [restartedMain] org.apache.catalina.core.StandardEngine  : Starting Servlet engine: [Apache Tomcat/9.0.46]
2021-05-26 20:55:42.911  INFO 3244 --- [restartedMain] o.a.c.c.C.[Tomcat].[localhost].[/]       : Initializing Spring embedded WebApplicationContext
2021-05-26 20:55:42.911  INFO 3244 --- [restartedMain] w.s.c.ServletWebServerApplicationContext : Root WebApplicationContext: initialization completed in 719 ms
2021-05-26 20:55:43.311  INFO 3244 --- [restartedMain] o.s.b.d.a.OptionalLiveReloadServer       : LiveReload server is running on port 35729
2021-05-26 20:55:43.344  INFO 3244 --- [restartedMain] o.s.b.w.embedded.tomcat.TomcatWebServer  : Tomcat started on port(s): 8081 (http) with context path ''
2021-05-26 20:55:43.354  INFO 3244 --- [restartedMain] c.i.a.AnimeImageRestApiApplication       : Started AnimeImageRestApiApplication in 1.538 seconds (JVM running for 2.088)
2021-05-26 20:55:55.899  INFO 3244 --- [http-nio-8081-exec-1] o.a.c.c.C.[Tomcat].[localhost].[/]       : Initializing Spring DispatcherServlet 'dispatcherServlet'
2021-05-26 20:55:55.899  INFO 3244 --- [http-nio-8081-exec-1] o.s.web.servlet.DispatcherServlet        : Initializing Servlet 'dispatcherServlet'
2021-05-26 20:55:55.900  INFO 3244 --- [http-nio-8081-exec-1] o.s.web.servlet.DispatcherServlet        : Completed initialization in 1 ms
2021-05-26 20:57:06.830  INFO 3244 --- [http-nio-8081-exec-5] com.zaxxer.hikari.HikariDataSource       : HikariPool-1 - Starting...
2021-05-26 20:57:07.047  INFO 3244 --- [http-nio-8081-exec-5] com.zaxxer.hikari.HikariDataSource       : HikariPool-1 - Start completed.
2021-05-27 12:04:33.715  INFO 12452 --- [restartedMain] c.i.a.AnimeImageRestApiApplication       : Starting AnimeImageRestApiApplication using Java 15.0.2 on timxzhao-PC0 with PID 12452 (D:\Java\AnimeImageRestApi\target\classes started by timxzhao in D:\Java\AnimeImageRestApi)
2021-05-27 12:04:33.717  INFO 12452 --- [restartedMain] c.i.a.AnimeImageRestApiApplication       : No active profile set, falling back to default profiles: default
2021-05-27 12:04:33.755  INFO 12452 --- [restartedMain] .e.DevToolsPropertyDefaultsPostProcessor : Devtools property defaults active! Set 'spring.devtools.add-properties' to 'false' to disable
2021-05-27 12:04:33.755  INFO 12452 --- [restartedMain] .e.DevToolsPropertyDefaultsPostProcessor : For additional web related logging consider setting the 'logging.level.web' property to 'DEBUG'
2021-05-27 12:04:34.569  INFO 12452 --- [restartedMain] o.s.b.w.embedded.tomcat.TomcatWebServer  : Tomcat initialized with port(s): 8081 (http)
2021-05-27 12:04:34.577  INFO 12452 --- [restartedMain] o.apache.catalina.core.StandardService   : Starting service [Tomcat]
2021-05-27 12:04:34.577  INFO 12452 --- [restartedMain] org.apache.catalina.core.StandardEngine  : Starting Servlet engine: [Apache Tomcat/9.0.46]
2021-05-27 12:04:34.632  INFO 12452 --- [restartedMain] o.a.c.c.C.[Tomcat].[localhost].[/]       : Initializing Spring embedded WebApplicationContext
2021-05-27 12:04:34.632  INFO 12452 --- [restartedMain] w.s.c.ServletWebServerApplicationContext : Root WebApplicationContext: initialization completed in 876 ms
2021-05-27 12:04:35.105  INFO 12452 --- [restartedMain] o.s.b.d.a.OptionalLiveReloadServer       : LiveReload server is running on port 35729
2021-05-27 12:04:35.133  INFO 12452 --- [restartedMain] o.s.b.w.embedded.tomcat.TomcatWebServer  : Tomcat started on port(s): 8081 (http) with context path ''
2021-05-27 12:04:35.151  INFO 12452 --- [restartedMain] c.i.a.AnimeImageRestApiApplication       : Started AnimeImageRestApiApplication in 1.796 seconds (JVM running for 2.448)
2021-05-27 12:05:02.367  INFO 12452 --- [http-nio-8081-exec-1] o.a.c.c.C.[Tomcat].[localhost].[/]       : Initializing Spring DispatcherServlet 'dispatcherServlet'
2021-05-27 12:05:02.367  INFO 12452 --- [http-nio-8081-exec-1] o.s.web.servlet.DispatcherServlet        : Initializing Servlet 'dispatcherServlet'
2021-05-27 12:05:02.369  INFO 12452 --- [http-nio-8081-exec-1] o.s.web.servlet.DispatcherServlet        : Completed initialization in 2 ms
2021-05-27 12:05:02.404  INFO 12452 --- [http-nio-8081-exec-1] com.zaxxer.hikari.HikariDataSource       : HikariPool-1 - Starting...
2021-05-27 12:05:02.664  INFO 12452 --- [http-nio-8081-exec-1] com.zaxxer.hikari.HikariDataSource       : HikariPool-1 - Start completed.
2021-05-27 15:44:34.661  INFO 12744 --- [restartedMain] c.i.a.AnimeImageRestApiApplication       : Starting AnimeImageRestApiApplication using Java 15.0.2 on timxzhao-PC0 with PID 12744 (D:\Java\AnimeImageRestApi\target\classes started by timxzhao in D:\Java\AnimeImageRestApi)
2021-05-27 15:44:34.663  INFO 12744 --- [restartedMain] c.i.a.AnimeImageRestApiApplication       : No active profile set, falling back to default profiles: default
2021-05-27 15:44:34.707  INFO 12744 --- [restartedMain] .e.DevToolsPropertyDefaultsPostProcessor : Devtools property defaults active! Set 'spring.devtools.add-properties' to 'false' to disable
2021-05-27 15:44:34.707  INFO 12744 --- [restartedMain] .e.DevToolsPropertyDefaultsPostProcessor : For additional web related logging consider setting the 'logging.level.web' property to 'DEBUG'
2021-05-27 15:44:35.377  INFO 12744 --- [restartedMain] o.s.b.w.embedded.tomcat.TomcatWebServer  : Tomcat initialized with port(s): 8081 (http)
2021-05-27 15:44:35.384  INFO 12744 --- [restartedMain] o.apache.catalina.core.StandardService   : Starting service [Tomcat]
2021-05-27 15:44:35.384  INFO 12744 --- [restartedMain] org.apache.catalina.core.StandardEngine  : Starting Servlet engine: [Apache Tomcat/9.0.46]
2021-05-27 15:44:35.428  INFO 12744 --- [restartedMain] o.a.c.c.C.[Tomcat].[localhost].[/]       : Initializing Spring embedded WebApplicationContext
2021-05-27 15:44:35.428  INFO 12744 --- [restartedMain] w.s.c.ServletWebServerApplicationContext : Root WebApplicationContext: initialization completed in 719 ms
2021-05-27 15:44:35.811  INFO 12744 --- [restartedMain] o.s.b.d.a.OptionalLiveReloadServer       : LiveReload server is running on port 35729
2021-05-27 15:44:35.840  INFO 12744 --- [restartedMain] o.s.b.w.embedded.tomcat.TomcatWebServer  : Tomcat started on port(s): 8081 (http) with context path ''
2021-05-27 15:44:35.849  INFO 12744 --- [restartedMain] c.i.a.AnimeImageRestApiApplication       : Started AnimeImageRestApiApplication in 1.569 seconds (JVM running for 2.406)
2021-05-27 15:44:45.935  INFO 12744 --- [http-nio-8081-exec-1] o.a.c.c.C.[Tomcat].[localhost].[/]       : Initializing Spring DispatcherServlet 'dispatcherServlet'
2021-05-27 15:44:45.935  INFO 12744 --- [http-nio-8081-exec-1] o.s.web.servlet.DispatcherServlet        : Initializing Servlet 'dispatcherServlet'
2021-05-27 15:44:45.937  INFO 12744 --- [http-nio-8081-exec-1] o.s.web.servlet.DispatcherServlet        : Completed initialization in 2 ms
2021-05-27 15:44:59.780  INFO 12744 --- [http-nio-8081-exec-2] com.zaxxer.hikari.HikariDataSource       : HikariPool-1 - Starting...
2021-05-27 15:45:00.141  INFO 12744 --- [http-nio-8081-exec-2] com.zaxxer.hikari.HikariDataSource       : HikariPool-1 - Start completed.
2021-05-27 15:58:48.628  INFO 18436 --- [restartedMain] c.i.a.AnimeImageRestApiApplication       : Starting AnimeImageRestApiApplication using Java 15.0.2 on timxzhao-PC0 with PID 18436 (D:\Java\AnimeImageRestApi\target\classes started by timxzhao in D:\Java\AnimeImageRestApi)
2021-05-27 15:58:48.631  INFO 18436 --- [restartedMain] c.i.a.AnimeImageRestApiApplication       : No active profile set, falling back to default profiles: default
2021-05-27 15:58:48.678  INFO 18436 --- [restartedMain] .e.DevToolsPropertyDefaultsPostProcessor : Devtools property defaults active! Set 'spring.devtools.add-properties' to 'false' to disable
2021-05-27 15:58:48.678  INFO 18436 --- [restartedMain] .e.DevToolsPropertyDefaultsPostProcessor : For additional web related logging consider setting the 'logging.level.web' property to 'DEBUG'
2021-05-27 15:58:49.342  INFO 18436 --- [restartedMain] o.s.b.w.embedded.tomcat.TomcatWebServer  : Tomcat initialized with port(s): 8081 (http)
2021-05-27 15:58:49.347  INFO 18436 --- [restartedMain] o.apache.catalina.core.StandardService   : Starting service [Tomcat]
2021-05-27 15:58:49.347  INFO 18436 --- [restartedMain] org.apache.catalina.core.StandardEngine  : Starting Servlet engine: [Apache Tomcat/9.0.46]
2021-05-27 15:58:49.389  INFO 18436 --- [restartedMain] o.a.c.c.C.[Tomcat].[localhost].[/]       : Initializing Spring embedded WebApplicationContext
2021-05-27 15:58:49.389  INFO 18436 --- [restartedMain] w.s.c.ServletWebServerApplicationContext : Root WebApplicationContext: initialization completed in 710 ms
2021-05-27 15:58:49.766  INFO 18436 --- [restartedMain] o.s.b.d.a.OptionalLiveReloadServer       : LiveReload server is running on port 35729
2021-05-27 15:58:49.795  INFO 18436 --- [restartedMain] o.s.b.w.embedded.tomcat.TomcatWebServer  : Tomcat started on port(s): 8081 (http) with context path ''
2021-05-27 15:58:49.802  INFO 18436 --- [restartedMain] c.i.a.AnimeImageRestApiApplication       : Started AnimeImageRestApiApplication in 1.508 seconds (JVM running for 2.08)
2021-05-27 15:59:00.251  INFO 18436 --- [http-nio-8081-exec-1] o.a.c.c.C.[Tomcat].[localhost].[/]       : Initializing Spring DispatcherServlet 'dispatcherServlet'
2021-05-27 15:59:00.252  INFO 18436 --- [http-nio-8081-exec-1] o.s.web.servlet.DispatcherServlet        : Initializing Servlet 'dispatcherServlet'
2021-05-27 15:59:00.255  INFO 18436 --- [http-nio-8081-exec-1] o.s.web.servlet.DispatcherServlet        : Completed initialization in 1 ms
2021-05-27 15:59:14.195 ERROR 18436 --- [http-nio-8081-exec-3] o.a.c.c.C.[.[.[/].[dispatcherServlet]    : Servlet.service() for servlet [dispatcherServlet] in context with path [] threw exception [Request processing failed; nested exception is org.apache.ibatis.binding.BindingException: Invalid bound statement (not found): com.ioalzx.animeimagerestapi.mapper.ImageMapper.gerRandom] with root cause

org.apache.ibatis.binding.BindingException: Invalid bound statement (not found): com.ioalzx.animeimagerestapi.mapper.ImageMapper.gerRandom
	at org.apache.ibatis.binding.MapperMethod$SqlCommand.<init>(MapperMethod.java:235)
	at org.apache.ibatis.binding.MapperMethod.<init>(MapperMethod.java:53)
	at org.apache.ibatis.binding.MapperProxy.lambda$cachedInvoker$0(MapperProxy.java:115)
	at java.base/java.util.concurrent.ConcurrentHashMap.computeIfAbsent(ConcurrentHashMap.java:1708)
	at org.apache.ibatis.binding.MapperProxy.cachedInvoker(MapperProxy.java:102)
	at org.apache.ibatis.binding.MapperProxy.invoke(MapperProxy.java:85)
	at com.sun.proxy.$Proxy61.gerRandom(Unknown Source)
	at com.ioalzx.animeimagerestapi.service.impl.ImageServiceimpl.getRandom(ImageServiceimpl.java:22)
	at com.ioalzx.animeimagerestapi.controller.ImageController.getRandom(ImageController.java:24)
	at java.base/jdk.internal.reflect.NativeMethodAccessorImpl.invoke0(Native Method)
	at java.base/jdk.internal.reflect.NativeMethodAccessorImpl.invoke(NativeMethodAccessorImpl.java:64)
	at java.base/jdk.internal.reflect.DelegatingMethodAccessorImpl.invoke(DelegatingMethodAccessorImpl.java:43)
	at java.base/java.lang.reflect.Method.invoke(Method.java:564)
	at org.springframework.web.method.support.InvocableHandlerMethod.doInvoke(InvocableHandlerMethod.java:197)
	at org.springframework.web.method.support.InvocableHandlerMethod.invokeForRequest(InvocableHandlerMethod.java:141)
	at org.springframework.web.servlet.mvc.method.annotation.ServletInvocableHandlerMethod.invokeAndHandle(ServletInvocableHandlerMethod.java:106)
	at org.springframework.web.servlet.mvc.method.annotation.RequestMappingHandlerAdapter.invokeHandlerMethod(RequestMappingHandlerAdapter.java:894)
	at org.springframework.web.servlet.mvc.method.annotation.RequestMappingHandlerAdapter.handleInternal(RequestMappingHandlerAdapter.java:808)
	at org.springframework.web.servlet.mvc.method.AbstractHandlerMethodAdapter.handle(AbstractHandlerMethodAdapter.java:87)
	at org.springframework.web.servlet.DispatcherServlet.doDispatch(DispatcherServlet.java:1063)
	at org.springframework.web.servlet.DispatcherServlet.doService(DispatcherServlet.java:963)
	at org.springframework.web.servlet.FrameworkServlet.processRequest(FrameworkServlet.java:1006)
	at org.springframework.web.servlet.FrameworkServlet.doGet(FrameworkServlet.java:898)
	at javax.servlet.http.HttpServlet.service(HttpServlet.java:626)
	at org.springframework.web.servlet.FrameworkServlet.service(FrameworkServlet.java:883)
	at javax.servlet.http.HttpServlet.service(HttpServlet.java:733)
	at org.apache.catalina.core.ApplicationFilterChain.internalDoFilter(ApplicationFilterChain.java:227)
	at org.apache.catalina.core.ApplicationFilterChain.doFilter(ApplicationFilterChain.java:162)
	at org.apache.tomcat.websocket.server.WsFilter.doFilter(WsFilter.java:53)
	at org.apache.catalina.core.ApplicationFilterChain.internalDoFilter(ApplicationFilterChain.java:189)
	at org.apache.catalina.core.ApplicationFilterChain.doFilter(ApplicationFilterChain.java:162)
	at org.springframework.web.filter.RequestContextFilter.doFilterInternal(RequestContextFilter.java:100)
	at org.springframework.web.filter.OncePerRequestFilter.doFilter(OncePerRequestFilter.java:119)
	at org.apache.catalina.core.ApplicationFilterChain.internalDoFilter(ApplicationFilterChain.java:189)
	at org.apache.catalina.core.ApplicationFilterChain.doFilter(ApplicationFilterChain.java:162)
	at org.springframework.web.filter.FormContentFilter.doFilterInternal(FormContentFilter.java:93)
	at org.springframework.web.filter.OncePerRequestFilter.doFilter(OncePerRequestFilter.java:119)
	at org.apache.catalina.core.ApplicationFilterChain.internalDoFilter(ApplicationFilterChain.java:189)
	at org.apache.catalina.core.ApplicationFilterChain.doFilter(ApplicationFilterChain.java:162)
	at org.springframework.web.filter.CharacterEncodingFilter.doFilterInternal(CharacterEncodingFilter.java:201)
	at org.springframework.web.filter.OncePerRequestFilter.doFilter(OncePerRequestFilter.java:119)
	at org.apache.catalina.core.ApplicationFilterChain.internalDoFilter(ApplicationFilterChain.java:189)
	at org.apache.catalina.core.ApplicationFilterChain.doFilter(ApplicationFilterChain.java:162)
	at org.apache.catalina.core.StandardWrapperValve.invoke(StandardWrapperValve.java:202)
	at org.apache.catalina.core.StandardContextValve.invoke(StandardContextValve.java:97)
	at org.apache.catalina.authenticator.AuthenticatorBase.invoke(AuthenticatorBase.java:542)
	at org.apache.catalina.core.StandardHostValve.invoke(StandardHostValve.java:143)
	at org.apache.catalina.valves.ErrorReportValve.invoke(ErrorReportValve.java:92)
	at org.apache.catalina.core.StandardEngineValve.invoke(StandardEngineValve.java:78)
	at org.apache.catalina.connector.CoyoteAdapter.service(CoyoteAdapter.java:357)
	at org.apache.coyote.http11.Http11Processor.service(Http11Processor.java:374)
	at org.apache.coyote.AbstractProcessorLight.process(AbstractProcessorLight.java:65)
	at org.apache.coyote.AbstractProtocol$ConnectionHandler.process(AbstractProtocol.java:893)
	at org.apache.tomcat.util.net.NioEndpoint$SocketProcessor.doRun(NioEndpoint.java:1707)
	at org.apache.tomcat.util.net.SocketProcessorBase.run(SocketProcessorBase.java:49)
	at java.base/java.util.concurrent.ThreadPoolExecutor.runWorker(ThreadPoolExecutor.java:1130)
	at java.base/java.util.concurrent.ThreadPoolExecutor$Worker.run(ThreadPoolExecutor.java:630)
	at org.apache.tomcat.util.threads.TaskThread$WrappingRunnable.run(TaskThread.java:61)
	at java.base/java.lang.Thread.run(Thread.java:832)

2021-05-27 16:00:06.660  INFO 5860 --- [restartedMain] c.i.a.AnimeImageRestApiApplication       : Starting AnimeImageRestApiApplication using Java 15.0.2 on timxzhao-PC0 with PID 5860 (D:\Java\AnimeImageRestApi\target\classes started by timxzhao in D:\Java\AnimeImageRestApi)
2021-05-27 16:00:06.663  INFO 5860 --- [restartedMain] c.i.a.AnimeImageRestApiApplication       : No active profile set, falling back to default profiles: default
2021-05-27 16:00:06.707  INFO 5860 --- [restartedMain] .e.DevToolsPropertyDefaultsPostProcessor : Devtools property defaults active! Set 'spring.devtools.add-properties' to 'false' to disable
2021-05-27 16:00:06.708  INFO 5860 --- [restartedMain] .e.DevToolsPropertyDefaultsPostProcessor : For additional web related logging consider setting the 'logging.level.web' property to 'DEBUG'
2021-05-27 16:00:07.362  INFO 5860 --- [restartedMain] o.s.b.w.embedded.tomcat.TomcatWebServer  : Tomcat initialized with port(s): 8081 (http)
2021-05-27 16:00:07.367  INFO 5860 --- [restartedMain] o.apache.catalina.core.StandardService   : Starting service [Tomcat]
2021-05-27 16:00:07.367  INFO 5860 --- [restartedMain] org.apache.catalina.core.StandardEngine  : Starting Servlet engine: [Apache Tomcat/9.0.46]
2021-05-27 16:00:07.410  INFO 5860 --- [restartedMain] o.a.c.c.C.[Tomcat].[localhost].[/]       : Initializing Spring embedded WebApplicationContext
2021-05-27 16:00:07.410  INFO 5860 --- [restartedMain] w.s.c.ServletWebServerApplicationContext : Root WebApplicationContext: initialization completed in 701 ms
2021-05-27 16:00:07.776  INFO 5860 --- [restartedMain] o.s.b.d.a.OptionalLiveReloadServer       : LiveReload server is running on port 35729
2021-05-27 16:00:07.805  INFO 5860 --- [restartedMain] o.s.b.w.embedded.tomcat.TomcatWebServer  : Tomcat started on port(s): 8081 (http) with context path ''
2021-05-27 16:00:07.814  INFO 5860 --- [restartedMain] c.i.a.AnimeImageRestApiApplication       : Started AnimeImageRestApiApplication in 1.505 seconds (JVM running for 2.063)
2021-05-27 16:00:13.751  INFO 5860 --- [http-nio-8081-exec-1] o.a.c.c.C.[Tomcat].[localhost].[/]       : Initializing Spring DispatcherServlet 'dispatcherServlet'
2021-05-27 16:00:13.751  INFO 5860 --- [http-nio-8081-exec-1] o.s.web.servlet.DispatcherServlet        : Initializing Servlet 'dispatcherServlet'
2021-05-27 16:00:13.752  INFO 5860 --- [http-nio-8081-exec-1] o.s.web.servlet.DispatcherServlet        : Completed initialization in 1 ms
2021-05-27 16:00:13.771  INFO 5860 --- [http-nio-8081-exec-1] com.zaxxer.hikari.HikariDataSource       : HikariPool-1 - Starting...
2021-05-27 16:00:13.967  INFO 5860 --- [http-nio-8081-exec-1] com.zaxxer.hikari.HikariDataSource       : HikariPool-1 - Start completed.
2021-05-27 16:15:45.264  INFO 12728 --- [restartedMain] c.i.a.AnimeImageRestApiApplication       : Starting AnimeImageRestApiApplication using Java 15.0.2 on timxzhao-PC0 with PID 12728 (D:\Java\AnimeImageRestApi\target\classes started by timxzhao in D:\Java\AnimeImageRestApi)
2021-05-27 16:15:45.267  INFO 12728 --- [restartedMain] c.i.a.AnimeImageRestApiApplication       : No active profile set, falling back to default profiles: default
2021-05-27 16:15:45.308  INFO 12728 --- [restartedMain] .e.DevToolsPropertyDefaultsPostProcessor : Devtools property defaults active! Set 'spring.devtools.add-properties' to 'false' to disable
2021-05-27 16:15:45.309  INFO 12728 --- [restartedMain] .e.DevToolsPropertyDefaultsPostProcessor : For additional web related logging consider setting the 'logging.level.web' property to 'DEBUG'
2021-05-27 16:15:46.052  INFO 12728 --- [restartedMain] o.s.b.w.embedded.tomcat.TomcatWebServer  : Tomcat initialized with port(s): 8081 (http)
2021-05-27 16:15:46.058  INFO 12728 --- [restartedMain] o.apache.catalina.core.StandardService   : Starting service [Tomcat]
2021-05-27 16:15:46.058  INFO 12728 --- [restartedMain] org.apache.catalina.core.StandardEngine  : Starting Servlet engine: [Apache Tomcat/9.0.46]
2021-05-27 16:15:46.102  INFO 12728 --- [restartedMain] o.a.c.c.C.[Tomcat].[localhost].[/]       : Initializing Spring embedded WebApplicationContext
2021-05-27 16:15:46.102  INFO 12728 --- [restartedMain] w.s.c.ServletWebServerApplicationContext : Root WebApplicationContext: initialization completed in 792 ms
2021-05-27 16:15:46.502  INFO 12728 --- [restartedMain] o.s.b.d.a.OptionalLiveReloadServer       : LiveReload server is running on port 35729
2021-05-27 16:15:46.531  INFO 12728 --- [restartedMain] o.s.b.w.embedded.tomcat.TomcatWebServer  : Tomcat started on port(s): 8081 (http) with context path ''
2021-05-27 16:15:46.539  INFO 12728 --- [restartedMain] c.i.a.AnimeImageRestApiApplication       : Started AnimeImageRestApiApplication in 1.605 seconds (JVM running for 2.131)
2021-05-27 16:16:03.524  INFO 12728 --- [http-nio-8081-exec-1] o.a.c.c.C.[Tomcat].[localhost].[/]       : Initializing Spring DispatcherServlet 'dispatcherServlet'
2021-05-27 16:16:03.525  INFO 12728 --- [http-nio-8081-exec-1] o.s.web.servlet.DispatcherServlet        : Initializing Servlet 'dispatcherServlet'
2021-05-27 16:16:03.526  INFO 12728 --- [http-nio-8081-exec-1] o.s.web.servlet.DispatcherServlet        : Completed initialization in 1 ms
2021-05-27 16:16:03.552  INFO 12728 --- [http-nio-8081-exec-1] com.zaxxer.hikari.HikariDataSource       : HikariPool-1 - Starting...
2021-05-27 16:16:03.801  INFO 12728 --- [http-nio-8081-exec-1] com.zaxxer.hikari.HikariDataSource       : HikariPool-1 - Start completed.
2021-05-27 16:17:04.250  INFO 10164 --- [restartedMain] c.i.a.AnimeImageRestApiApplication       : Starting AnimeImageRestApiApplication using Java 15.0.2 on timxzhao-PC0 with PID 10164 (D:\Java\AnimeImageRestApi\target\classes started by timxzhao in D:\Java\AnimeImageRestApi)
2021-05-27 16:17:04.253  INFO 10164 --- [restartedMain] c.i.a.AnimeImageRestApiApplication       : No active profile set, falling back to default profiles: default
2021-05-27 16:17:04.328  INFO 10164 --- [restartedMain] .e.DevToolsPropertyDefaultsPostProcessor : Devtools property defaults active! Set 'spring.devtools.add-properties' to 'false' to disable
2021-05-27 16:17:04.329  INFO 10164 --- [restartedMain] .e.DevToolsPropertyDefaultsPostProcessor : For additional web related logging consider setting the 'logging.level.web' property to 'DEBUG'
2021-05-27 16:17:05.328  INFO 10164 --- [restartedMain] o.s.b.w.embedded.tomcat.TomcatWebServer  : Tomcat initialized with port(s): 8081 (http)
2021-05-27 16:17:05.337  INFO 10164 --- [restartedMain] o.apache.catalina.core.StandardService   : Starting service [Tomcat]
2021-05-27 16:17:05.337  INFO 10164 --- [restartedMain] org.apache.catalina.core.StandardEngine  : Starting Servlet engine: [Apache Tomcat/9.0.46]
2021-05-27 16:17:05.412  INFO 10164 --- [restartedMain] o.a.c.c.C.[Tomcat].[localhost].[/]       : Initializing Spring embedded WebApplicationContext
2021-05-27 16:17:05.412  INFO 10164 --- [restartedMain] w.s.c.ServletWebServerApplicationContext : Root WebApplicationContext: initialization completed in 1082 ms
2021-05-27 16:17:05.951  INFO 10164 --- [restartedMain] o.s.b.d.a.OptionalLiveReloadServer       : LiveReload server is running on port 35729
2021-05-27 16:17:05.997  INFO 10164 --- [restartedMain] o.s.b.w.embedded.tomcat.TomcatWebServer  : Tomcat started on port(s): 8081 (http) with context path ''
2021-05-27 16:17:06.012  INFO 10164 --- [restartedMain] c.i.a.AnimeImageRestApiApplication       : Started AnimeImageRestApiApplication in 2.152 seconds (JVM running for 2.703)
2021-05-27 16:17:31.405  INFO 10164 --- [http-nio-8081-exec-1] o.a.c.c.C.[Tomcat].[localhost].[/]       : Initializing Spring DispatcherServlet 'dispatcherServlet'
2021-05-27 16:17:31.405  INFO 10164 --- [http-nio-8081-exec-1] o.s.web.servlet.DispatcherServlet        : Initializing Servlet 'dispatcherServlet'
2021-05-27 16:17:31.407  INFO 10164 --- [http-nio-8081-exec-1] o.s.web.servlet.DispatcherServlet        : Completed initialization in 2 ms
2021-05-27 16:17:31.441  INFO 10164 --- [http-nio-8081-exec-1] com.zaxxer.hikari.HikariDataSource       : HikariPool-1 - Starting...
2021-05-27 16:17:31.646  INFO 10164 --- [http-nio-8081-exec-1] com.zaxxer.hikari.HikariDataSource       : HikariPool-1 - Start completed.
2021-05-27 16:49:39.673  INFO 11364 --- [restartedMain] c.i.a.AnimeImageRestApiApplication       : Starting AnimeImageRestApiApplication using Java 15.0.2 on timxzhao-PC0 with PID 11364 (D:\Java\AnimeImageRestApi\target\classes started by timxzhao in D:\Java\AnimeImageRestApi)
2021-05-27 16:49:39.677  INFO 11364 --- [restartedMain] c.i.a.AnimeImageRestApiApplication       : No active profile set, falling back to default profiles: default
2021-05-27 16:49:39.733  INFO 11364 --- [restartedMain] .e.DevToolsPropertyDefaultsPostProcessor : Devtools property defaults active! Set 'spring.devtools.add-properties' to 'false' to disable
2021-05-27 16:49:39.733  INFO 11364 --- [restartedMain] .e.DevToolsPropertyDefaultsPostProcessor : For additional web related logging consider setting the 'logging.level.web' property to 'DEBUG'
2021-05-27 16:49:40.667  INFO 11364 --- [restartedMain] o.s.b.w.embedded.tomcat.TomcatWebServer  : Tomcat initialized with port(s): 8081 (http)
2021-05-27 16:49:40.673  INFO 11364 --- [restartedMain] o.apache.catalina.core.StandardService   : Starting service [Tomcat]
2021-05-27 16:49:40.673  INFO 11364 --- [restartedMain] org.apache.catalina.core.StandardEngine  : Starting Servlet engine: [Apache Tomcat/9.0.46]
2021-05-27 16:49:40.721  INFO 11364 --- [restartedMain] o.a.c.c.C.[Tomcat].[localhost].[/]       : Initializing Spring embedded WebApplicationContext
2021-05-27 16:49:40.721  INFO 11364 --- [restartedMain] w.s.c.ServletWebServerApplicationContext : Root WebApplicationContext: initialization completed in 987 ms
2021-05-27 16:49:41.295  INFO 11364 --- [restartedMain] o.s.b.d.a.OptionalLiveReloadServer       : LiveReload server is running on port 35729
2021-05-27 16:49:41.299  INFO 11364 --- [restartedMain] o.s.b.a.e.web.EndpointLinksResolver      : Exposing 2 endpoint(s) beneath base path '/actuator'
2021-05-27 16:49:41.336  INFO 11364 --- [restartedMain] o.s.b.w.embedded.tomcat.TomcatWebServer  : Tomcat started on port(s): 8081 (http) with context path ''
2021-05-27 16:49:41.348  INFO 11364 --- [restartedMain] c.i.a.AnimeImageRestApiApplication       : Started AnimeImageRestApiApplication in 2.197 seconds (JVM running for 2.903)
2021-05-27 16:49:41.521  INFO 11364 --- [RMI TCP Connection(1)-192.168.255.10] o.a.c.c.C.[Tomcat].[localhost].[/]       : Initializing Spring DispatcherServlet 'dispatcherServlet'
2021-05-27 16:49:41.521  INFO 11364 --- [RMI TCP Connection(1)-192.168.255.10] o.s.web.servlet.DispatcherServlet        : Initializing Servlet 'dispatcherServlet'
2021-05-27 16:49:41.521  INFO 11364 --- [RMI TCP Connection(2)-192.168.255.10] com.zaxxer.hikari.HikariDataSource       : HikariPool-1 - Starting...
2021-05-27 16:49:41.522  INFO 11364 --- [RMI TCP Connection(1)-192.168.255.10] o.s.web.servlet.DispatcherServlet        : Completed initialization in 0 ms
2021-05-27 16:49:41.764  INFO 11364 --- [RMI TCP Connection(2)-192.168.255.10] com.zaxxer.hikari.HikariDataSource       : HikariPool-1 - Start completed.
